#
# There is insufficient memory for the Java Runtime Environment to continue.
# Native memory allocation (malloc) failed to allocate 1479536 bytes for Chunk::new
# Possible reasons:
#   The system is out of physical RAM or swap space
#   The process is running with CompressedOops enabled, and the Java Heap may be blocking the growth of the native heap
# Possible solutions:
#   Reduce memory load on the system
#   Increase physical memory or swap space
#   Check if swap backing store is full
#   Decrease Java heap size (-Xmx/-Xms)
#   Decrease number of Java threads
#   Decrease Java thread stack sizes (-Xss)
#   Set larger code cache with -XX:ReservedCodeCacheSize=
#   JVM is running with Unscaled Compressed Oops mode in which the Java heap is
#     placed in the first 4GB address space. The Java Heap base address is the
#     maximum limit for the native heap growth. Please use -XX:HeapBaseMinAddress
#     to set the Java Heap base and to place the Java Heap above 4GB virtual address.
# This output file may be truncated or incomplete.
#
#  Out of Memory Error (allocation.cpp:389), pid=12632, tid=0x00000000000006d0
#
# JRE version: OpenJDK Runtime Environment (8.0_202-b03) (build 1.8.0_202-release-1483-b03)
# Java VM: OpenJDK 64-Bit Server VM (25.202-b03 mixed mode windows-amd64 compressed oops)
# Failed to write core dump. Minidumps are not enabled by default on client versions of Windows
#

---------------  T H R E A D  ---------------

Current thread (0x0000000016d8e800):  JavaThread "C2 CompilerThread1" daemon [_thread_in_native, id=1744, stack(0x0000000018b10000,0x0000000018c10000)]

Stack: [0x0000000018b10000,0x0000000018c10000]
[error occurred during error reporting (printing stack bounds), id 0xc0000005]

Native frames: (J=compiled Java code, j=interpreted, Vv=VM code, C=native code)


Current CompileTask:
C2:   3161 3214       4       groovy.lang.MetaClassImpl$1MOPIter::methodNameAction (325 bytes)


---------------  P R O C E S S  ---------------

Java Threads: ( => current thread )
  0x000000001e704800 JavaThread "Cache worker for Build Output Cleanup Cache (C:\Users\Dinamur\AndroidStudioProjects\Calculator\.gradle\buildOutputCleanup)" [_thread_blocked, id=11572, stack(0x0000000022670000,0x0000000022770000)]
  0x000000001e703800 JavaThread "Build operations Thread 6" [_thread_blocked, id=6364, stack(0x0000000022ca0000,0x0000000022da0000)]
  0x000000001e708000 JavaThread "Build operations Thread 5" [_thread_blocked, id=10256, stack(0x0000000022ba0000,0x0000000022ca0000)]
  0x000000001e706800 JavaThread "Build operations Thread 4" [_thread_blocked, id=12504, stack(0x0000000022aa0000,0x0000000022ba0000)]
  0x000000001e702000 JavaThread "Build operations Thread 3" [_thread_blocked, id=12284, stack(0x00000000229a0000,0x0000000022aa0000)]
  0x000000001e707800 JavaThread "Build operations Thread 2" [_thread_blocked, id=10604, stack(0x00000000228a0000,0x00000000229a0000)]
  0x000000001e703000 JavaThread "Build operations" [_thread_blocked, id=12620, stack(0x00000000227a0000,0x00000000228a0000)]
  0x000000001e706000 JavaThread "Cache worker for execution history cache (C:\Users\Dinamur\.gradle\caches\5.4.1\executionHistory)" [_thread_blocked, id=1512, stack(0x0000000022370000,0x0000000022470000)]
  0x000000001a6b1800 JavaThread "Cache worker for cache directory md-rule (C:\Users\Dinamur\.gradle\caches\5.4.1\md-rule)" [_thread_blocked, id=12280, stack(0x0000000022270000,0x0000000022370000)]
  0x000000001a6b0800 JavaThread "Cache worker for cache directory md-supplier (C:\Users\Dinamur\.gradle\caches\5.4.1\md-supplier)" [_thread_blocked, id=5284, stack(0x000000001fae0000,0x000000001fbe0000)]
  0x000000001a6b2000 JavaThread "Cache worker for file hash cache (C:\Users\Dinamur\AndroidStudioProjects\Calculator\.gradle\5.4.1\fileHashes)" [_thread_blocked, id=1520, stack(0x000000001f3e0000,0x000000001f4e0000)]
  0x000000001a6b3800 JavaThread "Cache worker for journal cache (C:\Users\Dinamur\.gradle\caches\journal-1)" [_thread_blocked, id=7648, stack(0x000000001bf70000,0x000000001c070000)]
  0x000000001a6ad800 JavaThread "File lock request listener" [_thread_in_native, id=13048, stack(0x000000001be70000,0x000000001bf70000)]
  0x000000001a99b000 JavaThread "Cache worker for file hash cache (C:\Users\Dinamur\.gradle\caches\5.4.1\fileHashes)" [_thread_blocked, id=7804, stack(0x000000001bd70000,0x000000001be70000)]
  0x000000001a4e4000 JavaThread "Thread-9" [_thread_blocked, id=4124, stack(0x000000001bc70000,0x000000001bd70000)]
  0x000000001a4e3800 JavaThread "Stdin handler" [_thread_blocked, id=11812, stack(0x000000001bb70000,0x000000001bc70000)]
  0x000000001a4e2800 JavaThread "Asynchronous log dispatcher for DefaultDaemonConnection: socket connection from /127.0.0.1:54052 to /127.0.0.1:54053" [_thread_blocked, id=5652, stack(0x000000001ba70000,0x000000001bb70000)]
  0x000000001a4d3000 JavaThread "Daemon worker" [_thread_in_native, id=8956, stack(0x000000001b970000,0x000000001ba70000)]
  0x000000001a4e6000 JavaThread "Cancel handler" [_thread_blocked, id=3824, stack(0x000000001b870000,0x000000001b970000)]
  0x000000001a5c7000 JavaThread "Handler for socket connection from /127.0.0.1:54052 to /127.0.0.1:54053" [_thread_in_native, id=2600, stack(0x000000001b570000,0x000000001b670000)]
  0x000000001a5c4000 JavaThread "Daemon" [_thread_blocked, id=12336, stack(0x000000001b470000,0x000000001b570000)]
  0x000000001a5b7800 JavaThread "Daemon periodic checks" [_thread_blocked, id=9012, stack(0x000000001b370000,0x000000001b470000)]
  0x000000001a7b1800 JavaThread "Incoming local TCP Connector on port 54052" [_thread_in_native, id=9520, stack(0x000000001b120000,0x000000001b220000)]
  0x000000001a632800 JavaThread "Daemon health stats" [_thread_blocked, id=12340, stack(0x000000001aae0000,0x000000001abe0000)]
  0x0000000018d89800 JavaThread "Service Thread" daemon [_thread_blocked, id=6260, stack(0x0000000019110000,0x0000000019210000)]
  0x0000000016d90800 JavaThread "C1 CompilerThread2" daemon [_thread_blocked, id=12592, stack(0x0000000018c10000,0x0000000018d10000)]
=>0x0000000016d8e800 JavaThread "C2 CompilerThread1" daemon [_thread_in_native, id=1744, stack(0x0000000018b10000,0x0000000018c10000)]
  0x0000000016d8b800 JavaThread "C2 CompilerThread0" daemon [_thread_in_native, id=13128, stack(0x0000000018a10000,0x0000000018b10000)]
  0x0000000016d84000 JavaThread "Attach Listener" daemon [_thread_blocked, id=13284, stack(0x0000000018910000,0x0000000018a10000)]
  0x0000000016d89800 JavaThread "Signal Dispatcher" daemon [_thread_blocked, id=12560, stack(0x0000000018810000,0x0000000018910000)]
  0x00000000031ce000 JavaThread "Finalizer" daemon [_thread_blocked, id=12792, stack(0x0000000018600000,0x0000000018700000)]
  0x00000000031c5800 JavaThread "Reference Handler" daemon [_thread_blocked, id=13020, stack(0x0000000018500000,0x0000000018600000)]
  0x00000000017be000 JavaThread "main" [_thread_blocked, id=13044, stack(0x0000000002f80000,0x0000000003080000)]

Other Threads:
  0x0000000016d47000 VMThread [stack: 0x0000000018400000,0x0000000018500000] [id=13276]
  0x0000000018d8a800 WatcherThread [stack: 0x0000000019210000,0x0000000019310000] [id=12540]

VM state:not at safepoint (normal execution)

VM Mutex/Monitor currently owned by a thread: None

heap address: 0x00000000a0000000, size: 1536 MB, Compressed Oops mode: 32-bit
Narrow klass base: 0x0000000000000000, Narrow klass shift: 3
Compressed class space size: 1073741824 Address: 0x0000000100000000

Heap:
 PSYoungGen      total 142848K, used 84898K [0x00000000e0000000, 0x00000000ea680000, 0x0000000100000000)
  eden space 128512K, 66% used [0x00000000e0000000,0x00000000e52e8ba8,0x00000000e7d80000)
  from space 14336K, 0% used [0x00000000e9880000,0x00000000e9880000,0x00000000ea680000)
  to   space 10752K, 0% used [0x00000000e7d80000,0x00000000e7d80000,0x00000000e8800000)
 ParOldGen       total 113664K, used 16711K [0x00000000a0000000, 0x00000000a6f00000, 0x00000000e0000000)
  object space 113664K, 14% used [0x00000000a0000000,0x00000000a1051f18,0x00000000a6f00000)
 Metaspace       used 43647K, capacity 44614K, committed 44928K, reserved 1087488K
  class space    used 5892K, capacity 6163K, committed 6272K, reserved 1048576K

Card table byte_map: [0x0000000012590000,0x00000000128a0000] byte_map_base: 0x0000000012090000

Marking Bits: (ParMarkBitMap*) 0x000000005e349f30
 Begin Bits: [0x00000000130a0000, 0x00000000148a0000)
 End Bits:   [0x00000000148a0000, 0x00000000160a0000)

Polling page: 0x0000000001290000

CodeCache: size=245760Kb used=12728Kb max_used=12728Kb free=233031Kb
 bounds [0x00000000031d0000, 0x0000000003e50000, 0x00000000121d0000]
 total_blobs=4449 nmethods=3703 adapters=658
 compilation: enabled

Compilation events (10 events):
Event: 3.043 Thread 0x0000000016d90800 nmethod 3638 0x0000000003e0e8d0 code [0x0000000003e0eb20, 0x0000000003e0f908]
Event: 3.046 Thread 0x0000000016d90800 3640       3       sun.security.util.SignatureFileVerifier::updateSigners (132 bytes)
Event: 3.046 Thread 0x0000000016d90800 nmethod 3640 0x0000000003e10790 code [0x0000000003e10a20, 0x0000000003e11b08]
Event: 3.046 Thread 0x0000000016d90800 3641       3       sun.security.util.SignatureFileVerifier::matches (93 bytes)
Event: 3.047 Thread 0x0000000016d90800 nmethod 3641 0x0000000003e124d0 code [0x0000000003e12740, 0x0000000003e13878]
Event: 3.047 Thread 0x0000000016d90800 3642       3       java.security.Provider::checkInitialized (16 bytes)
Event: 3.047 Thread 0x0000000016d90800 nmethod 3642 0x0000000003e141d0 code [0x0000000003e14340, 0x0000000003e14588]
Event: 3.047 Thread 0x0000000016d90800 3643       3       java.net.URLClassLoader$1::run (5 bytes)
Event: 3.048 Thread 0x0000000016d90800 nmethod 3643 0x0000000003e14690 code [0x0000000003e14800, 0x0000000003e14988]
Event: 3.050 Thread 0x0000000016d90800 3644       3       java.util.jar.Manifest::read (328 bytes)

GC Heap History (10 events):
Event: 1.483 GC heap before
{Heap before GC invocations=4 (full 1):
 PSYoungGen      total 76288K, used 10736K [0x00000000e0000000, 0x00000000e9500000, 0x0000000100000000)
  eden space 65536K, 0% used [0x00000000e0000000,0x00000000e0000000,0x00000000e4000000)
  from space 10752K, 99% used [0x00000000e4000000,0x00000000e4a7c148,0x00000000e4a80000)
  to   space 10752K, 0% used [0x00000000e8a80000,0x00000000e8a80000,0x00000000e9500000)
 ParOldGen       total 175104K, used 840K [0x00000000a0000000, 0x00000000aab00000, 0x00000000e0000000)
  object space 175104K, 0% used [0x00000000a0000000,0x00000000a00d2048,0x00000000aab00000)
 Metaspace       used 20724K, capacity 21154K, committed 21296K, reserved 1067008K
  class space    used 2953K, capacity 3123K, committed 3200K, reserved 1048576K
Event: 1.505 GC heap after
Heap after GC invocations=4 (full 1):
 PSYoungGen      total 76288K, used 0K [0x00000000e0000000, 0x00000000e9500000, 0x0000000100000000)
  eden space 65536K, 0% used [0x00000000e0000000,0x00000000e0000000,0x00000000e4000000)
  from space 10752K, 0% used [0x00000000e4000000,0x00000000e4000000,0x00000000e4a80000)
  to   space 10752K, 0% used [0x00000000e8a80000,0x00000000e8a80000,0x00000000e9500000)
 ParOldGen       total 113664K, used 11191K [0x00000000a0000000, 0x00000000a6f00000, 0x00000000e0000000)
  object space 113664K, 9% used [0x00000000a0000000,0x00000000a0aedcf8,0x00000000a6f00000)
 Metaspace       used 20724K, capacity 21154K, committed 21296K, reserved 1067008K
  class space    used 2953K, capacity 3123K, committed 3200K, reserved 1048576K
}
Event: 1.928 GC heap before
{Heap before GC invocations=5 (full 1):
 PSYoungGen      total 76288K, used 65536K [0x00000000e0000000, 0x00000000e9500000, 0x0000000100000000)
  eden space 65536K, 100% used [0x00000000e0000000,0x00000000e4000000,0x00000000e4000000)
  from space 10752K, 0% used [0x00000000e4000000,0x00000000e4000000,0x00000000e4a80000)
  to   space 10752K, 0% used [0x00000000e8a80000,0x00000000e8a80000,0x00000000e9500000)
 ParOldGen       total 113664K, used 11191K [0x00000000a0000000, 0x00000000a6f00000, 0x00000000e0000000)
  object space 113664K, 9% used [0x00000000a0000000,0x00000000a0aedcf8,0x00000000a6f00000)
 Metaspace       used 28824K, capacity 29334K, committed 29696K, reserved 1075200K
  class space    used 3885K, capacity 4068K, committed 4096K, reserved 1048576K
Event: 1.934 GC heap after
Heap after GC invocations=5 (full 1):
 PSYoungGen      total 104448K, used 7903K [0x00000000e0000000, 0x00000000e9280000, 0x0000000100000000)
  eden space 96256K, 0% used [0x00000000e0000000,0x00000000e0000000,0x00000000e5e00000)
  from space 8192K, 96% used [0x00000000e8a80000,0x00000000e9237c98,0x00000000e9280000)
  to   space 10752K, 0% used [0x00000000e7d80000,0x00000000e7d80000,0x00000000e8800000)
 ParOldGen       total 113664K, used 11199K [0x00000000a0000000, 0x00000000a6f00000, 0x00000000e0000000)
  object space 113664K, 9% used [0x00000000a0000000,0x00000000a0aefcf8,0x00000000a6f00000)
 Metaspace       used 28824K, capacity 29334K, committed 29696K, reserved 1075200K
  class space    used 3885K, capacity 4068K, committed 4096K, reserved 1048576K
}
Event: 2.397 GC heap before
{Heap before GC invocations=6 (full 1):
 PSYoungGen      total 104448K, used 104159K [0x00000000e0000000, 0x00000000e9280000, 0x0000000100000000)
  eden space 96256K, 100% used [0x00000000e0000000,0x00000000e5e00000,0x00000000e5e00000)
  from space 8192K, 96% used [0x00000000e8a80000,0x00000000e9237c98,0x00000000e9280000)
  to   space 10752K, 0% used [0x00000000e7d80000,0x00000000e7d80000,0x00000000e8800000)
 ParOldGen       total 113664K, used 11199K [0x00000000a0000000, 0x00000000a6f00000, 0x00000000e0000000)
  object space 113664K, 9% used [0x00000000a0000000,0x00000000a0aefcf8,0x00000000a6f00000)
 Metaspace       used 33698K, capacity 34352K, committed 34560K, reserved 1079296K
  class space    used 4634K, capacity 4839K, committed 4864K, reserved 1048576K
Event: 2.404 GC heap after
Heap after GC invocations=6 (full 1):
 PSYoungGen      total 139264K, used 10745K [0x00000000e0000000, 0x00000000ea680000, 0x0000000100000000)
  eden space 128512K, 0% used [0x00000000e0000000,0x00000000e0000000,0x00000000e7d80000)
  from space 10752K, 99% used [0x00000000e7d80000,0x00000000e87fe748,0x00000000e8800000)
  to   space 14336K, 0% used [0x00000000e9880000,0x00000000e9880000,0x00000000ea680000)
 ParOldGen       total 113664K, used 12103K [0x00000000a0000000, 0x00000000a6f00000, 0x00000000e0000000)
  object space 113664K, 10% used [0x00000000a0000000,0x00000000a0bd1eb8,0x00000000a6f00000)
 Metaspace       used 33698K, capacity 34352K, committed 34560K, reserved 1079296K
  class space    used 4634K, capacity 4839K, committed 4864K, reserved 1048576K
}
Event: 2.575 GC heap before
{Heap before GC invocations=7 (full 1):
 PSYoungGen      total 139264K, used 39785K [0x00000000e0000000, 0x00000000ea680000, 0x0000000100000000)
  eden space 128512K, 22% used [0x00000000e0000000,0x00000000e1c5bd78,0x00000000e7d80000)
  from space 10752K, 99% used [0x00000000e7d80000,0x00000000e87fe748,0x00000000e8800000)
  to   space 14336K, 0% used [0x00000000e9880000,0x00000000e9880000,0x00000000ea680000)
 ParOldGen       total 113664K, used 12103K [0x00000000a0000000, 0x00000000a6f00000, 0x00000000e0000000)
  object space 113664K, 10% used [0x00000000a0000000,0x00000000a0bd1eb8,0x00000000a6f00000)
 Metaspace       used 34614K, capacity 35438K, committed 35496K, reserved 1079296K
  class space    used 4768K, capacity 4967K, committed 4992K, reserved 1048576K
Event: 2.583 GC heap after
Heap after GC invocations=7 (full 1):
 PSYoungGen      total 142848K, used 8963K [0x00000000e0000000, 0x00000000ea680000, 0x0000000100000000)
  eden space 128512K, 0% used [0x00000000e0000000,0x00000000e0000000,0x00000000e7d80000)
  from space 14336K, 62% used [0x00000000e9880000,0x00000000ea140f88,0x00000000ea680000)
  to   space 10752K, 0% used [0x00000000e7d80000,0x00000000e7d80000,0x00000000e8800000)
 ParOldGen       total 113664K, used 12111K [0x00000000a0000000, 0x00000000a6f00000, 0x00000000e0000000)
  object space 113664K, 10% used [0x00000000a0000000,0x00000000a0bd3eb8,0x00000000a6f00000)
 Metaspace       used 34614K, capacity 35438K, committed 35496K, reserved 1079296K
  class space    used 4768K, capacity 4967K, committed 4992K, reserved 1048576K
}
Event: 2.583 GC heap before
{Heap before GC invocations=8 (full 2):
 PSYoungGen      total 142848K, used 8963K [0x00000000e0000000, 0x00000000ea680000, 0x0000000100000000)
  eden space 128512K, 0% used [0x00000000e0000000,0x00000000e0000000,0x00000000e7d80000)
  from space 14336K, 62% used [0x00000000e9880000,0x00000000ea140f88,0x00000000ea680000)
  to   space 10752K, 0% used [0x00000000e7d80000,0x00000000e7d80000,0x00000000e8800000)
 ParOldGen       total 113664K, used 12111K [0x00000000a0000000, 0x00000000a6f00000, 0x00000000e0000000)
  object space 113664K, 10% used [0x00000000a0000000,0x00000000a0bd3eb8,0x00000000a6f00000)
 Metaspace       used 34614K, capacity 35438K, committed 35496K, reserved 1079296K
  class space    used 4768K, capacity 4967K, committed 4992K, reserved 1048576K
Event: 2.617 GC heap after
Heap after GC invocations=8 (full 2):
 PSYoungGen      total 142848K, used 0K [0x00000000e0000000, 0x00000000ea680000, 0x0000000100000000)
  eden space 128512K, 0% used [0x00000000e0000000,0x00000000e0000000,0x00000000e7d80000)
  from space 14336K, 0% used [0x00000000e9880000,0x00000000e9880000,0x00000000ea680000)
  to   space 10752K, 0% used [0x00000000e7d80000,0x00000000e7d80000,0x00000000e8800000)
 ParOldGen       total 113664K, used 16711K [0x00000000a0000000, 0x00000000a6f00000, 0x00000000e0000000)
  object space 113664K, 14% used [0x00000000a0000000,0x00000000a1051f18,0x00000000a6f00000)
 Metaspace       used 34595K, capacity 35372K, committed 35496K, reserved 1079296K
  class space    used 4762K, capacity 4956K, committed 4992K, reserved 1048576K
}

Deoptimization events (10 events):
Event: 3.007 Thread 0x000000001a4d3000 Uncommon trap: reason=unstable_if action=reinterpret pc=0x0000000003a71f28 method=java.util.jar.JarFile.maybeInstantiateVerifier()V @ 75
Event: 3.010 Thread 0x000000001a4d3000 Uncommon trap: reason=unstable_if action=reinterpret pc=0x0000000003c6df6c method=java.lang.ThreadLocal.get()Ljava/lang/Object; @ 11
Event: 3.017 Thread 0x000000001a4d3000 Uncommon trap: reason=unstable_if action=reinterpret pc=0x0000000003d83d24 method=java.util.HashMap.putVal(ILjava/lang/Object;Ljava/lang/Object;ZZ)Ljava/lang/Object; @ 236
Event: 3.027 Thread 0x000000001a4d3000 Uncommon trap: reason=unstable_if action=reinterpret pc=0x00000000036766fc method=java.lang.CharacterDataLatin1.isWhitespace(I)Z @ 14
Event: 3.046 Thread 0x000000001a4d3000 Uncommon trap: reason=unstable_if action=reinterpret pc=0x0000000003667c30 method=java.util.jar.JarFile.maybeInstantiateVerifier()V @ 4
Event: 3.047 Thread 0x000000001a4d3000 Uncommon trap: reason=unstable_if action=reinterpret pc=0x000000000380e52c method=java.security.CodeSource.getCertificates()[Ljava/security/cert/Certificate; @ 22
Event: 3.048 Thread 0x000000001a4d3000 Uncommon trap: reason=unstable_if action=reinterpret pc=0x0000000003a4cd80 method=java.util.jar.JarFile.maybeInstantiateVerifier()V @ 4
Event: 3.048 Thread 0x000000001a4d3000 Uncommon trap: reason=unstable_if action=reinterpret pc=0x0000000003de5ce8 method=java.security.CodeSource.matchCerts(Ljava/security/CodeSource;Z)Z @ 11
Event: 3.048 Thread 0x000000001a4d3000 Uncommon trap: reason=unstable_if action=reinterpret pc=0x0000000003dd17d4 method=java.security.CodeSource.getCertificates()[Ljava/security/cert/Certificate; @ 4
Event: 3.048 Thread 0x000000001a4d3000 Uncommon trap: reason=unstable_if action=reinterpret pc=0x0000000003dd17d4 method=java.security.CodeSource.getCertificates()[Ljava/security/cert/Certificate; @ 4

Classes redefined (0 events):
No events

Internal exceptions (10 events):
Event: 2.555 Thread 0x000000001a4d3000 Exception <a 'java/lang/ClassNotFoundException': org/gradle/api/internal/AbstractTaskCustomizer> (0x00000000e1693a68) thrown at [D:\src\AOSP-openjdk-cygwin\jdk8u\hotspot\src\share\vm\classfile\systemDictionary.cpp, line 210]
Event: 2.556 Thread 0x000000001a4d3000 Exception <a 'java/lang/ClassNotFoundException': org/gradle/api/DefaultTaskCustomizer> (0x00000000e171d880) thrown at [D:\src\AOSP-openjdk-cygwin\jdk8u\hotspot\src\share\vm\classfile\systemDictionary.cpp, line 210]
Event: 2.557 Thread 0x000000001a4d3000 Exception <a 'java/lang/ClassNotFoundException': org/gradle/api/internal/ConventionTaskCustomizer> (0x00000000e175db30) thrown at [D:\src\AOSP-openjdk-cygwin\jdk8u\hotspot\src\share\vm\classfile\systemDictionary.cpp, line 210]
Event: 2.557 Thread 0x000000001a4d3000 Exception <a 'java/lang/ClassNotFoundException': org/gradle/api/tasks/DeleteCustomizer> (0x00000000e179adf0) thrown at [D:\src\AOSP-openjdk-cygwin\jdk8u\hotspot\src\share\vm\classfile\systemDictionary.cpp, line 210]
Event: 2.558 Thread 0x000000001a4d3000 Exception <a 'java/lang/ClassNotFoundException': org/gradle/api/tasks/Delete_DecoratedCustomizer> (0x00000000e17e5780) thrown at [D:\src\AOSP-openjdk-cygwin\jdk8u\hotspot\src\share\vm\classfile\systemDictionary.cpp, line 210]
Event: 2.569 Thread 0x000000001a4d3000 Exception <a 'java/lang/ClassNotFoundException': build_5uw5kk7a0m3zmfiip7htgqcepBeanInfo> (0x00000000e18f1f18) thrown at [D:\src\AOSP-openjdk-cygwin\jdk8u\hotspot\src\share\vm\classfile\systemDictionary.cpp, line 210]
Event: 2.569 Thread 0x000000001a4d3000 Exception <a 'java/lang/ClassNotFoundException': build_5uw5kk7a0m3zmfiip7htgqcepCustomizer> (0x00000000e18fdb20) thrown at [D:\src\AOSP-openjdk-cygwin\jdk8u\hotspot\src\share\vm\classfile\systemDictionary.cpp, line 210]
Event: 2.572 Thread 0x000000001a4d3000 Exception <a 'java/lang/ClassNotFoundException': org/gradle/api/internal/plugins/DefaultObjectConfigurationActionBeanInfo> (0x00000000e196f308) thrown at [D:\src\AOSP-openjdk-cygwin\jdk8u\hotspot\src\share\vm\classfile\systemDictionary.cpp, line 210]
Event: 2.572 Thread 0x000000001a4d3000 Exception <a 'java/lang/ClassNotFoundException': org/gradle/api/internal/plugins/DefaultObjectConfigurationActionCustomizer> (0x00000000e19aede8) thrown at [D:\src\AOSP-openjdk-cygwin\jdk8u\hotspot\src\share\vm\classfile\systemDictionary.cpp, line 210]
Event: 3.010 Thread 0x000000001a4d3000 Implicit null exception at 0x0000000003c6da28 to 0x0000000003c6df55

Events (10 events):
Event: 3.048 Thread 0x000000001a4d3000 DEOPT PACKING pc=0x0000000003de5ce8 sp=0x000000001ba65820
Event: 3.048 Thread 0x000000001a4d3000 DEOPT UNPACKING pc=0x000000000321557b sp=0x000000001ba655d0 mode 2
Event: 3.048 Thread 0x000000001a4d3000 Uncommon trap: trap_request=0xffffff65 fr.pc=0x0000000003dd17d4
Event: 3.048 Thread 0x000000001a4d3000 DEOPT PACKING pc=0x0000000003dd17d4 sp=0x000000001ba65780
Event: 3.048 Thread 0x000000001a4d3000 DEOPT UNPACKING pc=0x000000000321557b sp=0x000000001ba656f0 mode 2
Event: 3.048 Thread 0x000000001a4d3000 Uncommon trap: trap_request=0xffffff65 fr.pc=0x0000000003dd17d4
Event: 3.048 Thread 0x000000001a4d3000 DEOPT PACKING pc=0x0000000003dd17d4 sp=0x000000001ba67b90
Event: 3.048 Thread 0x000000001a4d3000 DEOPT UNPACKING pc=0x000000000321557b sp=0x000000001ba67ad0 mode 2
Event: 3.048 loading class org/bouncycastle/jce/provider/BouncyCastleProvider
Event: 3.048 loading class org/bouncycastle/jce/provider/BouncyCastleProvider done


Dynamic libraries:
0x00007ff789e70000 - 0x00007ff789ea1000 	C:\Program Files\Android\Android Studio\jre\bin\java.exe
0x00007ff922de0000 - 0x00007ff922fd0000 	C:\WINDOWS\SYSTEM32\ntdll.dll
0x00007ff922cb0000 - 0x00007ff922d62000 	C:\WINDOWS\System32\KERNEL32.DLL
0x00007ff91ff10000 - 0x00007ff9201b3000 	C:\WINDOWS\System32\KERNELBASE.dll
0x00007ff922220000 - 0x00007ff9222c3000 	C:\WINDOWS\System32\ADVAPI32.dll
0x00007ff921770000 - 0x00007ff92180e000 	C:\WINDOWS\System32\msvcrt.dll
0x00007ff922a40000 - 0x00007ff922ad7000 	C:\WINDOWS\System32\sechost.dll
0x00007ff922850000 - 0x00007ff922970000 	C:\WINDOWS\System32\RPCRT4.dll
0x00007ff921970000 - 0x00007ff921b04000 	C:\WINDOWS\System32\USER32.dll
0x00007ff920a50000 - 0x00007ff920a71000 	C:\WINDOWS\System32\win32u.dll
0x00007ff9224e0000 - 0x00007ff922506000 	C:\WINDOWS\System32\GDI32.dll
0x00007ff920c70000 - 0x00007ff920e04000 	C:\WINDOWS\System32\gdi32full.dll
0x00007ff920a80000 - 0x00007ff920b1e000 	C:\WINDOWS\System32\msvcp_win.dll
0x00007ff920b20000 - 0x00007ff920c1a000 	C:\WINDOWS\System32\ucrtbase.dll
0x00007ff912ba0000 - 0x00007ff912e25000 	C:\WINDOWS\WinSxS\amd64_microsoft.windows.common-controls_6595b64144ccf1df_6.0.18362.657_none_e6c5b579130e3898\COMCTL32.dll
0x00007ff922510000 - 0x00007ff922846000 	C:\WINDOWS\System32\combase.dll
0x00007ff920e10000 - 0x00007ff920e90000 	C:\WINDOWS\System32\bcryptPrimitives.dll
0x00007ff922d70000 - 0x00007ff922d9e000 	C:\WINDOWS\System32\IMM32.DLL
0x000000005d9c0000 - 0x000000005da92000 	C:\Program Files\Android\Android Studio\jre\jre\bin\msvcr100.dll
0x000000005db80000 - 0x000000005e3c6000 	C:\Program Files\Android\Android Studio\jre\jre\bin\server\jvm.dll
0x00007ff921b70000 - 0x00007ff921b78000 	C:\WINDOWS\System32\PSAPI.DLL
0x00007ff8fbd90000 - 0x00007ff8fbd99000 	C:\WINDOWS\SYSTEM32\WSOCK32.dll
0x00007ff91ddc0000 - 0x00007ff91dde4000 	C:\WINDOWS\SYSTEM32\WINMM.dll
0x00007ff91a580000 - 0x00007ff91a58a000 	C:\WINDOWS\SYSTEM32\VERSION.dll
0x00007ff9222d0000 - 0x00007ff92233f000 	C:\WINDOWS\System32\WS2_32.dll
0x00007ff91dd10000 - 0x00007ff91dd3d000 	C:\WINDOWS\SYSTEM32\WINMMBASE.dll
0x00007ff920c20000 - 0x00007ff920c6a000 	C:\WINDOWS\System32\cfgmgr32.dll
0x00007ff91de90000 - 0x00007ff91de9f000 	C:\Program Files\Android\Android Studio\jre\jre\bin\verify.dll
0x00007ff90fad0000 - 0x00007ff90faf9000 	C:\Program Files\Android\Android Studio\jre\jre\bin\java.dll
0x00007ff918560000 - 0x00007ff918576000 	C:\Program Files\Android\Android Studio\jre\jre\bin\zip.dll
0x00007ff920e90000 - 0x00007ff921575000 	C:\WINDOWS\System32\SHELL32.dll
0x00007ff921580000 - 0x00007ff921629000 	C:\WINDOWS\System32\shcore.dll
0x00007ff9201c0000 - 0x00007ff92093f000 	C:\WINDOWS\System32\windows.storage.dll
0x00007ff91fcc0000 - 0x00007ff91fcdf000 	C:\WINDOWS\System32\profapi.dll
0x00007ff91fd00000 - 0x00007ff91fd4a000 	C:\WINDOWS\System32\powrprof.dll
0x00007ff91fcb0000 - 0x00007ff91fcc0000 	C:\WINDOWS\System32\UMPDC.dll
0x00007ff921b10000 - 0x00007ff921b62000 	C:\WINDOWS\System32\shlwapi.dll
0x00007ff91fd50000 - 0x00007ff91fd61000 	C:\WINDOWS\System32\kernel.appcore.dll
0x00007ff91fec0000 - 0x00007ff91fed7000 	C:\WINDOWS\System32\cryptsp.dll
0x00007ff90f620000 - 0x00007ff90f63a000 	C:\Program Files\Android\Android Studio\jre\jre\bin\net.dll
0x00007ff91f4c0000 - 0x00007ff91f527000 	C:\WINDOWS\system32\mswsock.dll
0x00007ff90f600000 - 0x00007ff90f611000 	C:\Program Files\Android\Android Studio\jre\jre\bin\nio.dll
0x00007ff90bfb0000 - 0x00007ff90bfd6000 	C:\Users\Dinamur\.gradle\native\29\windows-amd64\native-platform.dll
0x00007ff91c0d0000 - 0x00007ff91c0dd000 	C:\Program Files\Android\Android Studio\jre\jre\bin\management.dll
0x00007ff91f030000 - 0x00007ff91f063000 	C:\WINDOWS\system32\rsaenh.dll
0x00007ff91fee0000 - 0x00007ff91ff06000 	C:\WINDOWS\System32\bcrypt.dll
0x00007ff91fbd0000 - 0x00007ff91fbf5000 	C:\WINDOWS\SYSTEM32\USERENV.dll
0x00007ff91f690000 - 0x00007ff91f69c000 	C:\WINDOWS\SYSTEM32\CRYPTBASE.dll
0x00007ff91f1d0000 - 0x00007ff91f20a000 	C:\WINDOWS\SYSTEM32\IPHLPAPI.DLL
0x00007ff922b70000 - 0x00007ff922b78000 	C:\WINDOWS\System32\NSI.dll
0x00007ff919540000 - 0x00007ff919556000 	C:\WINDOWS\SYSTEM32\dhcpcsvc6.DLL
0x00007ff919520000 - 0x00007ff91953c000 	C:\WINDOWS\SYSTEM32\dhcpcsvc.DLL
0x00007ff91f210000 - 0x00007ff91f2da000 	C:\WINDOWS\SYSTEM32\DNSAPI.dll

VM Arguments:
jvm_args: -Xmx1536m -Dfile.encoding=windows-1251 -Duser.country=RU -Duser.language=ru -Duser.variant 
java_command: org.gradle.launcher.daemon.bootstrap.GradleDaemon 5.4.1
java_class_path (initial): C:\Users\Dinamur\.gradle\wrapper\dists\gradle-5.4.1-all\3221gyojl5jsh0helicew7rwx\gradle-5.4.1\lib\gradle-launcher-5.4.1.jar
Launcher Type: SUN_STANDARD

Environment Variables:
JAVA_HOME=C:\Program Files\Java\jdk1.8.0_191
PATH=C:\Program Files (x86)\Intel\Intel(R) Management Engine Components\iCLS\;C:\Program Files\Intel\Intel(R) Management Engine Components\iCLS\;C:\Program Files (x86)\Common Files\Oracle\Java\javapath;C:\Windows\system32;C:\Windows;C:\Windows\System32\Wbem;C:\Windows\System32\WindowsPowerShell\v1.0\;C:\Program Files (x86)\NVIDIA Corporation\PhysX\Common;C:\WINDOWS\system32;C:\WINDOWS;C:\WINDOWS\System32\Wbem;C:\WINDOWS\System32\WindowsPowerShell\v1.0\;C:\WINDOWS\System32\OpenSSH\;C:\Program Files\Git\cmd;C:\Program Files (x86)\Intel\Intel(R) Management Engine Components\DAL;C:\Program Files\Intel\Intel(R) Management Engine Components\DAL;C:\Users\Dinamur\AppData\Local\Microsoft\WindowsApps;C:\Program Files\Java\jdk1.8.0_191\bin;
USERNAME=Dinamur
OS=Windows_NT
PROCESSOR_IDENTIFIER=Intel64 Family 6 Model 158 Stepping 10, GenuineIntel



---------------  S Y S T E M  ---------------

OS: Windows 10.0 , 64 bit Build 18362 (10.0.18362.329)

CPU:total 6 (initial active 6) (6 cores per cpu, 1 threads per core) family 6 model 158 stepping 10, cmov, cx8, fxsr, mmx, sse, sse2, sse3, ssse3, sse4.1, sse4.2, popcnt, avx, avx2, aes, clmul, erms, 3dnowpref, lzcnt, tsc, tscinvbit, bmi1, bmi2, adx

Memory: 4k page, physical 16718512k(6787216k free), swap 16980656k(5820k free)

vm_info: OpenJDK 64-Bit Server VM (25.202-b03) for windows-amd64 JRE (1.8.0_202-release-1483-b03), built by "builder" with MS VC++ 10.0 (VS2010)

time: Sat Feb 29 22:01:04 2020
timezone: Томск (зима)
elapsed time: 3 seconds (0d 0h 0m 3s)

