#
# There is insufficient memory for the Java Runtime Environment to continue.
# Native memory allocation (malloc) failed to allocate 822576 bytes for Chunk::new
# Possible reasons:
#   The system is out of physical RAM or swap space
#   The process is running with CompressedOops enabled, and the Java Heap may be blocking the growth of the native heap
# Possible solutions:
#   Reduce memory load on the system
#   Increase physical memory or swap space
#   Check if swap backing store is full
#   Decrease Java heap size (-Xmx/-Xms)
#   Decrease number of Java threads
#   Decrease Java thread stack sizes (-Xss)
#   Set larger code cache with -XX:ReservedCodeCacheSize=
#   JVM is running with Unscaled Compressed Oops mode in which the Java heap is
#     placed in the first 4GB address space. The Java Heap base address is the
#     maximum limit for the native heap growth. Please use -XX:HeapBaseMinAddress
#     to set the Java Heap base and to place the Java Heap above 4GB virtual address.
# This output file may be truncated or incomplete.
#
#  Out of Memory Error (allocation.cpp:389), pid=836, tid=0x0000000000003034
#
# JRE version: OpenJDK Runtime Environment (8.0_202-b03) (build 1.8.0_202-release-1483-b03)
# Java VM: OpenJDK 64-Bit Server VM (25.202-b03 mixed mode windows-amd64 compressed oops)
# Failed to write core dump. Minidumps are not enabled by default on client versions of Windows
#

---------------  T H R E A D  ---------------

Current thread (0x0000000016d7c800):  JavaThread "C2 CompilerThread0" daemon [_thread_in_native, id=12340, stack(0x00000000189f0000,0x0000000018af0000)]

Stack: [0x00000000189f0000,0x0000000018af0000]
[error occurred during error reporting (printing stack bounds), id 0xc0000005]

Native frames: (J=compiled Java code, j=interpreted, Vv=VM code, C=native code)


Current CompileTask:
C2:   3908 4444   !   4       java.net.URLClassLoader::definePackageInternal (81 bytes)


---------------  P R O C E S S  ---------------

Java Threads: ( => current thread )
  0x000000001d12e000 JavaThread "Cache worker for Build Output Cleanup Cache (C:\Users\Dinamur\AndroidStudioProjects\Calculator\.gradle\buildOutputCleanup)" [_thread_blocked, id=7480, stack(0x0000000022220000,0x0000000022320000)]
  0x000000001d12f800 JavaThread "Build operations Thread 6" [_thread_blocked, id=13232, stack(0x0000000022ce0000,0x0000000022de0000)]
  0x000000001d12d800 JavaThread "Build operations Thread 5" [_thread_blocked, id=10092, stack(0x0000000022be0000,0x0000000022ce0000)]
  0x000000001d12a800 JavaThread "Build operations Thread 4" [_thread_blocked, id=12996, stack(0x0000000022ae0000,0x0000000022be0000)]
  0x000000001d131000 JavaThread "Build operations Thread 3" [_thread_blocked, id=11560, stack(0x00000000229e0000,0x0000000022ae0000)]
  0x000000001d12c000 JavaThread "Build operations Thread 2" [_thread_blocked, id=12500, stack(0x00000000228e0000,0x00000000229e0000)]
  0x000000001d12b000 JavaThread "Build operations" [_thread_blocked, id=9300, stack(0x00000000227e0000,0x00000000228e0000)]
  0x000000001a761800 JavaThread "Cache worker for execution history cache (C:\Users\Dinamur\.gradle\caches\5.4.1\executionHistory)" [_thread_blocked, id=12800, stack(0x0000000022120000,0x0000000022220000)]
  0x000000001a761000 JavaThread "Cache worker for cache directory md-rule (C:\Users\Dinamur\.gradle\caches\5.4.1\md-rule)" [_thread_blocked, id=9232, stack(0x0000000022020000,0x0000000022120000)]
  0x000000001a760000 JavaThread "Cache worker for cache directory md-supplier (C:\Users\Dinamur\.gradle\caches\5.4.1\md-supplier)" [_thread_blocked, id=9464, stack(0x000000001fcc0000,0x000000001fdc0000)]
  0x000000001a763000 JavaThread "Cache worker for file hash cache (C:\Users\Dinamur\AndroidStudioProjects\Calculator\.gradle\5.4.1\fileHashes)" [_thread_blocked, id=10284, stack(0x000000001f3c0000,0x000000001f4c0000)]
  0x000000001a765800 JavaThread "Cache worker for journal cache (C:\Users\Dinamur\.gradle\caches\journal-1)" [_thread_blocked, id=12980, stack(0x000000001bf50000,0x000000001c050000)]
  0x000000001a764800 JavaThread "File lock request listener" [_thread_in_native, id=11400, stack(0x000000001be50000,0x000000001bf50000)]
  0x000000001a689000 JavaThread "Cache worker for file hash cache (C:\Users\Dinamur\.gradle\caches\5.4.1\fileHashes)" [_thread_blocked, id=12628, stack(0x000000001bd50000,0x000000001be50000)]
  0x000000001a677800 JavaThread "Thread-9" [_thread_blocked, id=13196, stack(0x000000001bc50000,0x000000001bd50000)]
  0x000000001a476800 JavaThread "Stdin handler" [_thread_blocked, id=10000, stack(0x000000001bb50000,0x000000001bc50000)]
  0x000000001a676800 JavaThread "Asynchronous log dispatcher for DefaultDaemonConnection: socket connection from /127.0.0.1:61110 to /127.0.0.1:61111" [_thread_blocked, id=2192, stack(0x000000001ba50000,0x000000001bb50000)]
  0x000000001a47e000 JavaThread "Daemon worker" [_thread_in_Java, id=13056, stack(0x000000001b950000,0x000000001ba50000)]
  0x000000001a666800 JavaThread "Cancel handler" [_thread_blocked, id=9184, stack(0x000000001b850000,0x000000001b950000)]
  0x000000001a446800 JavaThread "Handler for socket connection from /127.0.0.1:61110 to /127.0.0.1:61111" [_thread_in_native, id=12468, stack(0x000000001b550000,0x000000001b650000)]
  0x000000001a445800 JavaThread "Daemon" [_thread_blocked, id=5408, stack(0x000000001b450000,0x000000001b550000)]
  0x000000001a434800 JavaThread "Daemon periodic checks" [_thread_blocked, id=7176, stack(0x000000001b350000,0x000000001b450000)]
  0x000000001a60e000 JavaThread "Incoming local TCP Connector on port 61110" [_thread_in_native, id=8620, stack(0x000000001b100000,0x000000001b200000)]
  0x000000001a25b800 JavaThread "Daemon health stats" [_thread_blocked, id=1820, stack(0x000000001aac0000,0x000000001abc0000)]
  0x0000000018d66000 JavaThread "Service Thread" daemon [_thread_blocked, id=7912, stack(0x00000000190f0000,0x00000000191f0000)]
  0x0000000016d81000 JavaThread "C1 CompilerThread2" daemon [_thread_in_native, id=11428, stack(0x0000000018bf0000,0x0000000018cf0000)]
  0x0000000016d7f000 JavaThread "C2 CompilerThread1" daemon [_thread_blocked, id=13112, stack(0x0000000018af0000,0x0000000018bf0000)]
=>0x0000000016d7c800 JavaThread "C2 CompilerThread0" daemon [_thread_in_native, id=12340, stack(0x00000000189f0000,0x0000000018af0000)]
  0x0000000016d75000 JavaThread "Attach Listener" daemon [_thread_blocked, id=3612, stack(0x00000000188f0000,0x00000000189f0000)]
  0x0000000016d73000 JavaThread "Signal Dispatcher" daemon [_thread_blocked, id=9996, stack(0x00000000187f0000,0x00000000188f0000)]
  0x00000000031bc000 JavaThread "Finalizer" daemon [_thread_blocked, id=13220, stack(0x00000000185e0000,0x00000000186e0000)]
  0x00000000031b5800 JavaThread "Reference Handler" daemon [_thread_blocked, id=13208, stack(0x00000000184e0000,0x00000000185e0000)]
  0x000000000179e000 JavaThread "main" [_thread_blocked, id=12084, stack(0x0000000002fc0000,0x00000000030c0000)]

Other Threads:
  0x0000000016d37000 VMThread [stack: 0x00000000183e0000,0x00000000184e0000] [id=11468]
  0x0000000018d66800 WatcherThread [stack: 0x00000000191f0000,0x00000000192f0000] [id=7452]

VM state:not at safepoint (normal execution)

VM Mutex/Monitor currently owned by a thread: None

heap address: 0x00000000a0000000, size: 1536 MB, Compressed Oops mode: 32-bit
Narrow klass base: 0x0000000000000000, Narrow klass shift: 3
Compressed class space size: 1073741824 Address: 0x0000000100000000

Heap:
 PSYoungGen      total 105984K, used 36866K [0x00000000e0000000, 0x00000000e7700000, 0x0000000100000000)
  eden space 93696K, 26% used [0x00000000e0000000,0x00000000e1805530,0x00000000e5b80000)
  from space 12288K, 99% used [0x00000000e6800000,0x00000000e73fb378,0x00000000e7400000)
  to   space 12800K, 0% used [0x00000000e5b80000,0x00000000e5b80000,0x00000000e6800000)
 ParOldGen       total 114688K, used 21980K [0x00000000a0000000, 0x00000000a7000000, 0x00000000e0000000)
  object space 114688K, 19% used [0x00000000a0000000,0x00000000a1577090,0x00000000a7000000)
 Metaspace       used 53241K, capacity 54822K, committed 54952K, reserved 1097728K
  class space    used 7188K, capacity 7578K, committed 7592K, reserved 1048576K

Card table byte_map: [0x0000000012580000,0x0000000012890000] byte_map_base: 0x0000000012080000

Marking Bits: (ParMarkBitMap*) 0x000000005e349f30
 Begin Bits: [0x0000000013090000, 0x0000000014890000)
 End Bits:   [0x0000000014890000, 0x0000000016090000)

Polling page: 0x0000000001720000

CodeCache: size=245760Kb used=15981Kb max_used=15981Kb free=229778Kb
 bounds [0x00000000031c0000, 0x0000000004170000, 0x00000000121c0000]
 total_blobs=5426 nmethods=4651 adapters=687
 compilation: enabled

Compilation events (10 events):
Event: 3.882 Thread 0x0000000016d81000 4623       1       org.gradle.api.internal.provider.Collectors$ElementFromProvider::size (2 bytes)
Event: 3.882 Thread 0x0000000016d81000 nmethod 4623 0x0000000004131d10 code [0x0000000004131e60, 0x0000000004131f70]
Event: 3.882 Thread 0x0000000016d81000 4622       3       org.gradle.api.internal.provider.Collectors$ElementFromProvider::isProvidedBy (9 bytes)
Event: 3.882 Thread 0x0000000016d81000 nmethod 4622 0x0000000004131fd0 code [0x0000000004132140, 0x0000000004132488]
Event: 3.882 Thread 0x0000000016d81000 4625       3       kotlin.collections.CollectionsKt___CollectionsKt::joinToString$default (97 bytes)
Event: 3.882 Thread 0x0000000016d81000 nmethod 4625 0x0000000004132590 code [0x0000000004132700, 0x0000000004132a28]
Event: 3.882 Thread 0x0000000016d81000 4626       3       kotlin.collections.CollectionsKt___CollectionsKt::joinToString (72 bytes)
Event: 3.883 Thread 0x0000000016d81000 nmethod 4626 0x0000000004132ad0 code [0x0000000004132d00, 0x00000000041337b8]
Event: 3.884 Thread 0x0000000016d7f000 4628       4       java.lang.StringBuilder::append (6 bytes)
Event: 3.884 Thread 0x0000000016d81000 4629       3       sun.reflect.generics.parser.SignatureParser::parseTypeArguments (109 bytes)

GC Heap History (10 events):
Event: 2.218 GC heap before
{Heap before GC invocations=6 (full 1):
 PSYoungGen      total 76288K, used 73380K [0x00000000e0000000, 0x00000000e7080000, 0x0000000100000000)
  eden space 65536K, 100% used [0x00000000e0000000,0x00000000e4000000,0x00000000e4000000)
  from space 10752K, 72% used [0x00000000e4a80000,0x00000000e52290f8,0x00000000e5500000)
  to   space 10752K, 0% used [0x00000000e4000000,0x00000000e4000000,0x00000000e4a80000)
 ParOldGen       total 114688K, used 11187K [0x00000000a0000000, 0x00000000a7000000, 0x00000000e0000000)
  object space 114688K, 9% used [0x00000000a0000000,0x00000000a0aecca8,0x00000000a7000000)
 Metaspace       used 31879K, capacity 32506K, committed 32768K, reserved 1077248K
  class space    used 4390K, capacity 4592K, committed 4608K, reserved 1048576K
Event: 2.221 GC heap after
Heap after GC invocations=6 (full 1):
 PSYoungGen      total 76288K, used 8785K [0x00000000e0000000, 0x00000000e7400000, 0x0000000100000000)
  eden space 65536K, 0% used [0x00000000e0000000,0x00000000e0000000,0x00000000e4000000)
  from space 10752K, 81% used [0x00000000e4000000,0x00000000e48946d8,0x00000000e4a80000)
  to   space 12288K, 0% used [0x00000000e6800000,0x00000000e6800000,0x00000000e7400000)
 ParOldGen       total 114688K, used 11195K [0x00000000a0000000, 0x00000000a7000000, 0x00000000e0000000)
  object space 114688K, 9% used [0x00000000a0000000,0x00000000a0aeeca8,0x00000000a7000000)
 Metaspace       used 31879K, capacity 32506K, committed 32768K, reserved 1077248K
  class space    used 4390K, capacity 4592K, committed 4608K, reserved 1048576K
}
Event: 2.568 GC heap before
{Heap before GC invocations=7 (full 1):
 PSYoungGen      total 76288K, used 66458K [0x00000000e0000000, 0x00000000e7400000, 0x0000000100000000)
  eden space 65536K, 88% used [0x00000000e0000000,0x00000000e3852450,0x00000000e4000000)
  from space 10752K, 81% used [0x00000000e4000000,0x00000000e48946d8,0x00000000e4a80000)
  to   space 12288K, 0% used [0x00000000e6800000,0x00000000e6800000,0x00000000e7400000)
 ParOldGen       total 114688K, used 11195K [0x00000000a0000000, 0x00000000a7000000, 0x00000000e0000000)
  object space 114688K, 9% used [0x00000000a0000000,0x00000000a0aeeca8,0x00000000a7000000)
 Metaspace       used 34655K, capacity 35464K, committed 35496K, reserved 1079296K
  class space    used 4777K, capacity 5003K, committed 5032K, reserved 1048576K
Event: 2.574 GC heap after
Heap after GC invocations=7 (full 1):
 PSYoungGen      total 105984K, used 10784K [0x00000000e0000000, 0x00000000e7700000, 0x0000000100000000)
  eden space 93696K, 0% used [0x00000000e0000000,0x00000000e0000000,0x00000000e5b80000)
  from space 12288K, 87% used [0x00000000e6800000,0x00000000e72882c8,0x00000000e7400000)
  to   space 12800K, 0% used [0x00000000e5b80000,0x00000000e5b80000,0x00000000e6800000)
 ParOldGen       total 114688K, used 11203K [0x00000000a0000000, 0x00000000a7000000, 0x00000000e0000000)
  object space 114688K, 9% used [0x00000000a0000000,0x00000000a0af0ca8,0x00000000a7000000)
 Metaspace       used 34655K, capacity 35464K, committed 35496K, reserved 1079296K
  class space    used 4777K, capacity 5003K, committed 5032K, reserved 1048576K
}
Event: 2.574 GC heap before
{Heap before GC invocations=8 (full 2):
 PSYoungGen      total 105984K, used 10784K [0x00000000e0000000, 0x00000000e7700000, 0x0000000100000000)
  eden space 93696K, 0% used [0x00000000e0000000,0x00000000e0000000,0x00000000e5b80000)
  from space 12288K, 87% used [0x00000000e6800000,0x00000000e72882c8,0x00000000e7400000)
  to   space 12800K, 0% used [0x00000000e5b80000,0x00000000e5b80000,0x00000000e6800000)
 ParOldGen       total 114688K, used 11203K [0x00000000a0000000, 0x00000000a7000000, 0x00000000e0000000)
  object space 114688K, 9% used [0x00000000a0000000,0x00000000a0af0ca8,0x00000000a7000000)
 Metaspace       used 34655K, capacity 35464K, committed 35496K, reserved 1079296K
  class space    used 4777K, capacity 5003K, committed 5032K, reserved 1048576K
Event: 2.635 GC heap after
Heap after GC invocations=8 (full 2):
 PSYoungGen      total 105984K, used 0K [0x00000000e0000000, 0x00000000e7700000, 0x0000000100000000)
  eden space 93696K, 0% used [0x00000000e0000000,0x00000000e0000000,0x00000000e5b80000)
  from space 12288K, 0% used [0x00000000e6800000,0x00000000e6800000,0x00000000e7400000)
  to   space 12800K, 0% used [0x00000000e5b80000,0x00000000e5b80000,0x00000000e6800000)
 ParOldGen       total 114688K, used 17552K [0x00000000a0000000, 0x00000000a7000000, 0x00000000e0000000)
  object space 114688K, 15% used [0x00000000a0000000,0x00000000a1124318,0x00000000a7000000)
 Metaspace       used 34639K, capacity 35410K, committed 35496K, reserved 1079296K
  class space    used 4772K, capacity 4994K, committed 5032K, reserved 1048576K
}
Event: 3.224 GC heap before
{Heap before GC invocations=9 (full 2):
 PSYoungGen      total 105984K, used 93696K [0x00000000e0000000, 0x00000000e7700000, 0x0000000100000000)
  eden space 93696K, 100% used [0x00000000e0000000,0x00000000e5b80000,0x00000000e5b80000)
  from space 12288K, 0% used [0x00000000e6800000,0x00000000e6800000,0x00000000e7400000)
  to   space 12800K, 0% used [0x00000000e5b80000,0x00000000e5b80000,0x00000000e6800000)
 ParOldGen       total 114688K, used 17552K [0x00000000a0000000, 0x00000000a7000000, 0x00000000e0000000)
  object space 114688K, 15% used [0x00000000a0000000,0x00000000a1124318,0x00000000a7000000)
 Metaspace       used 44478K, capacity 45460K, committed 45736K, reserved 1089536K
  class space    used 5978K, capacity 6230K, committed 6312K, reserved 1048576K
Event: 3.232 GC heap after
Heap after GC invocations=9 (full 2):
 PSYoungGen      total 106496K, used 12776K [0x00000000e0000000, 0x00000000e7700000, 0x0000000100000000)
  eden space 93696K, 0% used [0x00000000e0000000,0x00000000e0000000,0x00000000e5b80000)
  from space 12800K, 99% used [0x00000000e5b80000,0x00000000e67fa020,0x00000000e6800000)
  to   space 12288K, 0% used [0x00000000e6800000,0x00000000e6800000,0x00000000e7400000)
 ParOldGen       total 114688K, used 18407K [0x00000000a0000000, 0x00000000a7000000, 0x00000000e0000000)
  object space 114688K, 16% used [0x00000000a0000000,0x00000000a11f9f78,0x00000000a7000000)
 Metaspace       used 44478K, capacity 45460K, committed 45736K, reserved 1089536K
  class space    used 5978K, capacity 6230K, committed 6312K, reserved 1048576K
}
Event: 3.723 GC heap before
{Heap before GC invocations=10 (full 2):
 PSYoungGen      total 106496K, used 106472K [0x00000000e0000000, 0x00000000e7700000, 0x0000000100000000)
  eden space 93696K, 100% used [0x00000000e0000000,0x00000000e5b80000,0x00000000e5b80000)
  from space 12800K, 99% used [0x00000000e5b80000,0x00000000e67fa020,0x00000000e6800000)
  to   space 12288K, 0% used [0x00000000e6800000,0x00000000e6800000,0x00000000e7400000)
 ParOldGen       total 114688K, used 18407K [0x00000000a0000000, 0x00000000a7000000, 0x00000000e0000000)
  object space 114688K, 16% used [0x00000000a0000000,0x00000000a11f9f78,0x00000000a7000000)
 Metaspace       used 51173K, capacity 52484K, committed 52648K, reserved 1095680K
  class space    used 6874K, capacity 7209K, committed 7336K, reserved 1048576K
Event: 3.731 GC heap after
Heap after GC invocations=10 (full 2):
 PSYoungGen      total 105984K, used 12268K [0x00000000e0000000, 0x00000000e7700000, 0x0000000100000000)
  eden space 93696K, 0% used [0x00000000e0000000,0x00000000e0000000,0x00000000e5b80000)
  from space 12288K, 99% used [0x00000000e6800000,0x00000000e73fb378,0x00000000e7400000)
  to   space 12800K, 0% used [0x00000000e5b80000,0x00000000e5b80000,0x00000000e6800000)
 ParOldGen       total 114688K, used 21980K [0x00000000a0000000, 0x00000000a7000000, 0x00000000e0000000)
  object space 114688K, 19% used [0x00000000a0000000,0x00000000a1577090,0x00000000a7000000)
 Metaspace       used 51173K, capacity 52484K, committed 52648K, reserved 1095680K
  class space    used 6874K, capacity 7209K, committed 7336K, reserved 1048576K
}

Deoptimization events (10 events):
Event: 3.051 Thread 0x000000001a47e000 Uncommon trap: reason=unstable_if action=reinterpret pc=0x0000000003c5a9bc method=java.util.LinkedHashMap.get(Ljava/lang/Object;)Ljava/lang/Object; @ 20
Event: 3.089 Thread 0x000000001a47e000 Uncommon trap: reason=unstable_if action=reinterpret pc=0x0000000003ab19a4 method=org.objectweb.asm.ByteVector.putUTF8(Ljava/lang/String;)Lorg/objectweb/asm/ByteVector; @ 93
Event: 3.104 Thread 0x000000001a47e000 Uncommon trap: reason=range_check action=make_not_entrant pc=0x0000000003e18f44 method=java.lang.String.charAt(I)C @ 27
Event: 3.135 Thread 0x000000001a47e000 Uncommon trap: reason=unstable_if action=reinterpret pc=0x0000000003a64d30 method=org.objectweb.asm.ByteVector.putUTF8(Ljava/lang/String;)Lorg/objectweb/asm/ByteVector; @ 93
Event: 3.272 Thread 0x000000001a47e000 Uncommon trap: reason=unstable_if action=reinterpret pc=0x0000000003aa2fec method=org.gradle.internal.reflect.PropertyAccessorType.of(Ljava/lang/reflect/Method;)Lorg/gradle/internal/reflect/PropertyAccessorType; @ 56
Event: 3.331 Thread 0x000000001a47e000 Uncommon trap: reason=unstable_if action=reinterpret pc=0x0000000003793d64 method=java.lang.String.lastIndexOf([CII[CIII)I @ 17
Event: 3.331 Thread 0x000000001a47e000 Uncommon trap: reason=unstable_if action=reinterpret pc=0x0000000003ac3790 method=sun.net.www.protocol.jar.Handler.parseURL(Ljava/net/URL;Ljava/lang/String;II)V @ 94
Event: 3.405 Thread 0x000000001a47e000 Uncommon trap: reason=unstable_if action=reinterpret pc=0x0000000003ac00d0 method=java.util.WeakHashMap.put(Ljava/lang/Object;Ljava/lang/Object;)Ljava/lang/Object; @ 59
Event: 3.852 Thread 0x000000001a47e000 Uncommon trap: reason=unstable_if action=reinterpret pc=0x0000000003c6ebe0 method=java.io.WinNTFileSystem.normalize(Ljava/lang/String;)Ljava/lang/String; @ 74
Event: 3.877 Thread 0x000000001a47e000 Uncommon trap: reason=bimorphic action=maybe_recompile pc=0x000000000364a344 method=java.util.regex.Pattern$Slice.match(Ljava/util/regex/Matcher;ILjava/lang/CharSequence;)Z @ 75

Classes redefined (0 events):
No events

Internal exceptions (10 events):
Event: 3.515 Thread 0x000000001a47e000 Exception <a 'java/lang/NoSuchMethodError': java.lang.Object.lambda$comparing$77a9974f$1(Ljava/util/function/Function;Ljava/lang/Object;Ljava/lang/Object;)I> (0x00000000e3013438) thrown at [D:\src\AOSP-openjdk-cygwin\jdk8u\hotspot\src\share\vm\interpreter
Event: 3.516 Thread 0x000000001a47e000 Exception <a 'java/lang/NoSuchMethodError': java.lang.Object.lambda$comparingInt$7b0bb60$1(Ljava/util/function/ToIntFunction;Ljava/lang/Object;Ljava/lang/Object;)I> (0x00000000e301da20) thrown at [D:\src\AOSP-openjdk-cygwin\jdk8u\hotspot\src\share\vm\inte
Event: 3.516 Thread 0x000000001a47e000 Exception <a 'java/lang/NoSuchMethodError': java.lang.Object.lambda$thenComparing$36697e65$1(Ljava/util/Comparator;Ljava/lang/Object;Ljava/lang/Object;)I> (0x00000000e30265a8) thrown at [D:\src\AOSP-openjdk-cygwin\jdk8u\hotspot\src\share\vm\interpreter\li
Event: 3.517 Thread 0x000000001a47e000 Exception <a 'java/lang/NoSuchMethodError': java.lang.Object.lambda$comparing$ea9a8b3a$1(Ljava/util/Comparator;Ljava/util/function/Function;Ljava/lang/Object;Ljava/lang/Object;)I> (0x00000000e3034058) thrown at [D:\src\AOSP-openjdk-cygwin\jdk8u\hotspot\sr
Event: 3.824 Thread 0x000000001a47e000 Exception <a 'java/lang/ClassNotFoundException': com/android/build/gradle/internal/api/ApkVariantOutputImpl_DecoratedBeanInfo> (0x00000000e09fdda8) thrown at [D:\src\AOSP-openjdk-cygwin\jdk8u\hotspot\src\share\vm\classfile\systemDictionary.cpp, line 210]
Event: 3.824 Thread 0x000000001a47e000 Exception <a 'java/lang/ClassNotFoundException': com/android/build/gradle/internal/api/ApkVariantOutputImplBeanInfo> (0x00000000e0a1a9f0) thrown at [D:\src\AOSP-openjdk-cygwin\jdk8u\hotspot\src\share\vm\classfile\systemDictionary.cpp, line 210]
Event: 3.824 Thread 0x000000001a47e000 Exception <a 'java/lang/ClassNotFoundException': com/android/build/gradle/internal/api/BaseVariantOutputImplBeanInfo> (0x00000000e0a38810) thrown at [D:\src\AOSP-openjdk-cygwin\jdk8u\hotspot\src\share\vm\classfile\systemDictionary.cpp, line 210]
Event: 3.824 Thread 0x000000001a47e000 Exception <a 'java/lang/ClassNotFoundException': com/android/build/gradle/internal/api/BaseVariantOutputImplCustomizer> (0x00000000e0a56b80) thrown at [D:\src\AOSP-openjdk-cygwin\jdk8u\hotspot\src\share\vm\classfile\systemDictionary.cpp, line 210]
Event: 3.825 Thread 0x000000001a47e000 Exception <a 'java/lang/ClassNotFoundException': com/android/build/gradle/internal/api/ApkVariantOutputImplCustomizer> (0x00000000e0a8ed20) thrown at [D:\src\AOSP-openjdk-cygwin\jdk8u\hotspot\src\share\vm\classfile\systemDictionary.cpp, line 210]
Event: 3.825 Thread 0x000000001a47e000 Exception <a 'java/lang/ClassNotFoundException': com/android/build/gradle/internal/api/ApkVariantOutputImpl_DecoratedCustomizer> (0x00000000e0ac2438) thrown at [D:\src\AOSP-openjdk-cygwin\jdk8u\hotspot\src\share\vm\classfile\systemDictionary.cpp, line 210

Events (10 events):
Event: 3.883 loading class org/gradle/api/internal/file/collections/AbstractDirectoryWalker
Event: 3.883 loading class org/gradle/api/internal/file/collections/AbstractDirectoryWalker done
Event: 3.883 loading class org/jetbrains/kotlin/gradle/plugin/sources/DefaultKotlinSourceSet$customSourceFilesExtensions$$inlined$Iterable$1
Event: 3.883 loading class org/jetbrains/kotlin/gradle/plugin/sources/DefaultKotlinSourceSet$customSourceFilesExtensions$$inlined$Iterable$1 done
Event: 3.884 loading class org/jetbrains/kotlin/gradle/plugin/mpp/AbstractKotlinCompilation$addSourcesToCompileTask$1$1
Event: 3.884 loading class org/jetbrains/kotlin/gradle/plugin/mpp/AbstractKotlinCompilation$addSourcesToCompileTask$1$1 done
Event: 3.884 loading class org/gradle/api/NamedDomainObjectCollection
Event: 3.884 loading class org/gradle/api/NamedDomainObjectCollection done
Event: 3.884 loading class com/android/build/gradle/internal/api/UnitTestVariantImpl
Event: 3.884 loading class com/android/build/gradle/internal/api/UnitTestVariantImpl done


Dynamic libraries:
0x00007ff789e70000 - 0x00007ff789ea1000 	C:\Program Files\Android\Android Studio\jre\bin\java.exe
0x00007ff922de0000 - 0x00007ff922fd0000 	C:\WINDOWS\SYSTEM32\ntdll.dll
0x00007ff922cb0000 - 0x00007ff922d62000 	C:\WINDOWS\System32\KERNEL32.DLL
0x00007ff91ff10000 - 0x00007ff9201b3000 	C:\WINDOWS\System32\KERNELBASE.dll
0x00007ff922220000 - 0x00007ff9222c3000 	C:\WINDOWS\System32\ADVAPI32.dll
0x00007ff921770000 - 0x00007ff92180e000 	C:\WINDOWS\System32\msvcrt.dll
0x00007ff922a40000 - 0x00007ff922ad7000 	C:\WINDOWS\System32\sechost.dll
0x00007ff922850000 - 0x00007ff922970000 	C:\WINDOWS\System32\RPCRT4.dll
0x00007ff921970000 - 0x00007ff921b04000 	C:\WINDOWS\System32\USER32.dll
0x00007ff920a50000 - 0x00007ff920a71000 	C:\WINDOWS\System32\win32u.dll
0x00007ff9224e0000 - 0x00007ff922506000 	C:\WINDOWS\System32\GDI32.dll
0x00007ff920c70000 - 0x00007ff920e04000 	C:\WINDOWS\System32\gdi32full.dll
0x00007ff920a80000 - 0x00007ff920b1e000 	C:\WINDOWS\System32\msvcp_win.dll
0x00007ff920b20000 - 0x00007ff920c1a000 	C:\WINDOWS\System32\ucrtbase.dll
0x00007ff912ba0000 - 0x00007ff912e25000 	C:\WINDOWS\WinSxS\amd64_microsoft.windows.common-controls_6595b64144ccf1df_6.0.18362.657_none_e6c5b579130e3898\COMCTL32.dll
0x00007ff922510000 - 0x00007ff922846000 	C:\WINDOWS\System32\combase.dll
0x00007ff920e10000 - 0x00007ff920e90000 	C:\WINDOWS\System32\bcryptPrimitives.dll
0x00007ff922d70000 - 0x00007ff922d9e000 	C:\WINDOWS\System32\IMM32.DLL
0x000000005d9c0000 - 0x000000005da92000 	C:\Program Files\Android\Android Studio\jre\jre\bin\msvcr100.dll
0x000000005db80000 - 0x000000005e3c6000 	C:\Program Files\Android\Android Studio\jre\jre\bin\server\jvm.dll
0x00007ff921b70000 - 0x00007ff921b78000 	C:\WINDOWS\System32\PSAPI.DLL
0x00007ff8fbd90000 - 0x00007ff8fbd99000 	C:\WINDOWS\SYSTEM32\WSOCK32.dll
0x00007ff91ddc0000 - 0x00007ff91dde4000 	C:\WINDOWS\SYSTEM32\WINMM.dll
0x00007ff9222d0000 - 0x00007ff92233f000 	C:\WINDOWS\System32\WS2_32.dll
0x00007ff91a580000 - 0x00007ff91a58a000 	C:\WINDOWS\SYSTEM32\VERSION.dll
0x00007ff91dd10000 - 0x00007ff91dd3d000 	C:\WINDOWS\SYSTEM32\WINMMBASE.dll
0x00007ff920c20000 - 0x00007ff920c6a000 	C:\WINDOWS\System32\cfgmgr32.dll
0x00007ff91de90000 - 0x00007ff91de9f000 	C:\Program Files\Android\Android Studio\jre\jre\bin\verify.dll
0x00007ff90fad0000 - 0x00007ff90faf9000 	C:\Program Files\Android\Android Studio\jre\jre\bin\java.dll
0x00007ff918560000 - 0x00007ff918576000 	C:\Program Files\Android\Android Studio\jre\jre\bin\zip.dll
0x00007ff920e90000 - 0x00007ff921575000 	C:\WINDOWS\System32\SHELL32.dll
0x00007ff921580000 - 0x00007ff921629000 	C:\WINDOWS\System32\shcore.dll
0x00007ff9201c0000 - 0x00007ff92093f000 	C:\WINDOWS\System32\windows.storage.dll
0x00007ff91fcc0000 - 0x00007ff91fcdf000 	C:\WINDOWS\System32\profapi.dll
0x00007ff91fd00000 - 0x00007ff91fd4a000 	C:\WINDOWS\System32\powrprof.dll
0x00007ff91fcb0000 - 0x00007ff91fcc0000 	C:\WINDOWS\System32\UMPDC.dll
0x00007ff921b10000 - 0x00007ff921b62000 	C:\WINDOWS\System32\shlwapi.dll
0x00007ff91fd50000 - 0x00007ff91fd61000 	C:\WINDOWS\System32\kernel.appcore.dll
0x00007ff91fec0000 - 0x00007ff91fed7000 	C:\WINDOWS\System32\cryptsp.dll
0x00007ff90f620000 - 0x00007ff90f63a000 	C:\Program Files\Android\Android Studio\jre\jre\bin\net.dll
0x00007ff91f4c0000 - 0x00007ff91f527000 	C:\WINDOWS\system32\mswsock.dll
0x00007ff90f600000 - 0x00007ff90f611000 	C:\Program Files\Android\Android Studio\jre\jre\bin\nio.dll
0x00007ff90bfb0000 - 0x00007ff90bfd6000 	C:\Users\Dinamur\.gradle\native\29\windows-amd64\native-platform.dll
0x00007ff91c0d0000 - 0x00007ff91c0dd000 	C:\Program Files\Android\Android Studio\jre\jre\bin\management.dll
0x00007ff91f030000 - 0x00007ff91f063000 	C:\WINDOWS\system32\rsaenh.dll
0x00007ff91fee0000 - 0x00007ff91ff06000 	C:\WINDOWS\System32\bcrypt.dll
0x00007ff91fbd0000 - 0x00007ff91fbf5000 	C:\WINDOWS\SYSTEM32\USERENV.dll
0x00007ff91f690000 - 0x00007ff91f69c000 	C:\WINDOWS\SYSTEM32\CRYPTBASE.dll
0x00007ff91f1d0000 - 0x00007ff91f20a000 	C:\WINDOWS\SYSTEM32\IPHLPAPI.DLL
0x00007ff922b70000 - 0x00007ff922b78000 	C:\WINDOWS\System32\NSI.dll
0x00007ff919540000 - 0x00007ff919556000 	C:\WINDOWS\SYSTEM32\dhcpcsvc6.DLL
0x00007ff919520000 - 0x00007ff91953c000 	C:\WINDOWS\SYSTEM32\dhcpcsvc.DLL
0x00007ff91f210000 - 0x00007ff91f2da000 	C:\WINDOWS\SYSTEM32\DNSAPI.dll

VM Arguments:
jvm_args: -Xmx1536m -Dfile.encoding=windows-1251 -Duser.country=RU -Duser.language=ru -Duser.variant 
java_command: org.gradle.launcher.daemon.bootstrap.GradleDaemon 5.4.1
java_class_path (initial): C:\Users\Dinamur\.gradle\wrapper\dists\gradle-5.4.1-all\3221gyojl5jsh0helicew7rwx\gradle-5.4.1\lib\gradle-launcher-5.4.1.jar
Launcher Type: SUN_STANDARD

Environment Variables:
JAVA_HOME=C:\Program Files\Java\jdk1.8.0_191
PATH=C:\Program Files (x86)\Intel\Intel(R) Management Engine Components\iCLS\;C:\Program Files\Intel\Intel(R) Management Engine Components\iCLS\;C:\Program Files (x86)\Common Files\Oracle\Java\javapath;C:\Windows\system32;C:\Windows;C:\Windows\System32\Wbem;C:\Windows\System32\WindowsPowerShell\v1.0\;C:\Program Files (x86)\NVIDIA Corporation\PhysX\Common;C:\WINDOWS\system32;C:\WINDOWS;C:\WINDOWS\System32\Wbem;C:\WINDOWS\System32\WindowsPowerShell\v1.0\;C:\WINDOWS\System32\OpenSSH\;C:\Program Files\Git\cmd;C:\Program Files (x86)\Intel\Intel(R) Management Engine Components\DAL;C:\Program Files\Intel\Intel(R) Management Engine Components\DAL;C:\Users\Dinamur\AppData\Local\Microsoft\WindowsApps;C:\Program Files\Java\jdk1.8.0_191\bin;
USERNAME=Dinamur
OS=Windows_NT
PROCESSOR_IDENTIFIER=Intel64 Family 6 Model 158 Stepping 10, GenuineIntel



---------------  S Y S T E M  ---------------

OS: Windows 10.0 , 64 bit Build 18362 (10.0.18362.329)

CPU:total 6 (initial active 6) (6 cores per cpu, 1 threads per core) family 6 model 158 stepping 10, cmov, cx8, fxsr, mmx, sse, sse2, sse3, ssse3, sse4.1, sse4.2, popcnt, avx, avx2, aes, clmul, erms, 3dnowpref, lzcnt, tsc, tscinvbit, bmi1, bmi2, adx

Memory: 4k page, physical 16718512k(6890304k free), swap 16980656k(5660k free)

vm_info: OpenJDK 64-Bit Server VM (25.202-b03) for windows-amd64 JRE (1.8.0_202-release-1483-b03), built by "builder" with MS VC++ 10.0 (VS2010)

time: Sat Feb 29 22:04:55 2020
timezone: Томск (зима)
elapsed time: 3 seconds (0d 0h 0m 3s)

